<?xml version="1.0" encoding="UTF-8"?>
<!-- Generated by org.testng.reporters.JUnitReportReporter -->
<testsuite name="common.Configuration" tests="1" time="54.467" ignored="0" failures="0" timestamp="18 Jun 2019 11:31:08 GMT" skipped="0" hostname="ICT-81" errors="0">
  <testcase name="verifyHomeScreen" time="54.467" classname="common.Configuration"/>
</testsuite> <!-- common.Configuration -->
