<?xml version="1.0" encoding="UTF-8"?>
<!-- Generated by org.testng.reporters.JUnitReportReporter -->
<testsuite name="ndmsworkflow.Demo" tests="1" time="30.362" ignored="0" failures="0" timestamp="20 Jun 2019 09:37:14 GMT" skipped="0" hostname="ICT-81" errors="0">
  <testcase name="myTest" time="30.362" classname="ndmsworkflow.Demo"/>
</testsuite> <!-- ndmsworkflow.Demo -->
