<?xml version="1.0" encoding="UTF-8"?>
<!-- Generated by org.testng.reporters.JUnitReportReporter -->
<testsuite name="ndmsworkflow.NDMSWorkFlows" tests="1" time="3.169" ignored="0" failures="0" timestamp="02 Dec 2019 16:17:42 GMT" skipped="0" hostname="Rakesh-PC" errors="0">
  <testcase name="launchIdeal" time="3.169" classname="ndmsworkflow.NDMSWorkFlows"/>
</testsuite> <!-- ndmsworkflow.NDMSWorkFlows -->
